Camera2Basic/Application/build/outputs/mapping/release/mapping.txt
com.example.android.camera2basic.AutoFitTextureView -> com.example.android.camera2basic.AutoFitTextureView:
    int mRatioWidth -> a
    int mRatioHeight -> b
    void <init>(android.content.Context) -> <init>
    void <init>(android.content.Context,android.util.AttributeSet) -> <init>
    void <init>(android.content.Context,android.util.AttributeSet,int) -> <init>
    void setAspectRatio(int,int) -> a
    void onMeasure(int,int) -> onMeasure
com.example.android.camera2basic.Camera2BasicFragment -> com.example.android.camera2basic.a:
    android.util.SparseIntArray ORIENTATIONS -> b
    boolean hasFocus -> c
    android.view.TextureView$SurfaceTextureListener mSurfaceTextureListener -> d
    java.lang.String mCameraId -> e
    com.example.android.camera2basic.AutoFitTextureView mTextureView -> f
    android.hardware.camera2.CameraCaptureSession mCaptureSession -> g
    android.hardware.camera2.CameraDevice mCameraDevice -> h
    android.util.Size mPreviewSize -> i
    android.hardware.camera2.CameraDevice$StateCallback mStateCallback -> ad
    android.os.HandlerThread mBackgroundThread -> ae
    android.os.Handler mBackgroundHandler -> af
    android.media.ImageReader mImageReader -> ag
    java.io.File mFile -> ah
    android.media.ImageReader$OnImageAvailableListener mOnImageAvailableListener -> ai
    android.hardware.camera2.CaptureRequest$Builder mPreviewRequestBuilder -> aj
    android.hardware.camera2.CaptureRequest mPreviewRequest -> ak
    int mState -> al
    java.util.concurrent.Semaphore mCameraOpenCloseLock -> am
    boolean mFlashSupported -> an
    int mSensorOrientation -> ao
    android.hardware.camera2.CameraCaptureSession$CaptureCallback mCaptureCallback -> ap
    boolean $assertionsDisabled -> a
    void <init>() -> <init>
    android.util.Size chooseOptimalSize(android.util.Size[],int,int,int,int,android.util.Size) -> a
com.example.android.camera2basic.Camera2BasicFragment$1 -> com.example.android.camera2basic.a$1:
    com.example.android.camera2basic.Camera2BasicFragment this$0 -> a
    void <init>(com.example.android.camera2basic.Camera2BasicFragment) -> <init>
    void onSurfaceTextureAvailable(android.graphics.SurfaceTexture,int,int) -> onSurfaceTextureAvailable
    void onSurfaceTextureSizeChanged(android.graphics.SurfaceTexture,int,int) -> onSurfaceTextureSizeChanged
    boolean onSurfaceTextureDestroyed(android.graphics.SurfaceTexture) -> onSurfaceTextureDestroyed
    void onSurfaceTextureUpdated(android.graphics.SurfaceTexture) -> onSurfaceTextureUpdated
com.example.android.camera2basic.Camera2BasicFragment$2 -> com.example.android.camera2basic.a$2:
    com.example.android.camera2basic.Camera2BasicFragment this$0 -> a
    void <init>(com.example.android.camera2basic.Camera2BasicFragment) -> <init>
    void onOpened(android.hardware.camera2.CameraDevice) -> onOpened
    void onDisconnected(android.hardware.camera2.CameraDevice) -> onDisconnected
    void onError(android.hardware.camera2.CameraDevice,int) -> onError
com.example.android.camera2basic.Camera2BasicFragment$3 -> com.example.android.camera2basic.a$3:
    com.example.android.camera2basic.Camera2BasicFragment this$0 -> a
    void <init>(com.example.android.camera2basic.Camera2BasicFragment) -> <init>
    void onImageAvailable(android.media.ImageReader) -> onImageAvailable
com.example.android.camera2basic.Camera2BasicFragment$4 -> com.example.android.camera2basic.a$4:
    com.example.android.camera2basic.Camera2BasicFragment this$0 -> a
    void <init>(com.example.android.camera2basic.Camera2BasicFragment) -> <init>
    void process(android.hardware.camera2.CaptureResult) -> a
    void onCaptureProgressed(android.hardware.camera2.CameraCaptureSession,android.hardware.camera2.CaptureRequest,android.hardware.camera2.CaptureResult) -> onCaptureProgressed
    void onCaptureCompleted(android.hardware.camera2.CameraCaptureSession,android.hardware.camera2.CaptureRequest,android.hardware.camera2.TotalCaptureResult) -> onCaptureCompleted
...
android.support.v4.media.session.MediaControllerCompat$Callback$StubCompat -> android.support.v4.media.session.MediaControllerCompat$a$c:
    java.lang.ref.WeakReference mCallback -> a
    void <init>(android.support.v4.media.session.MediaControllerCompat$Callback) -> <init>
    void onEvent(java.lang.String,android.os.Bundle) -> a
    void onSessionDestroyed() -> a
    void onPlaybackStateChanged(android.support.v4.media.session.PlaybackStateCompat) -> a
    void onMetadataChanged(android.support.v4.media.MediaMetadataCompat) -> a
    void onQueueChanged(java.util.List) -> a
    void onQueueTitleChanged(java.lang.CharSequence) -> a
    void onCaptioningEnabledChanged(boolean) -> b
    void onRepeatModeChanged(int) -> a
    void onShuffleModeChangedRemoved(boolean) -> a
    void onShuffleModeChanged(int) -> b
    void onExtrasChanged(android.os.Bundle) -> a
    void onVolumeInfoChanged(android.support.v4.media.session.ParcelableVolumeInfo) -> a
    void onSessionReady() -> b
android.support.v4.media.session.MediaControllerCompat$MediaControllerImplApi21 -> android.support.v4.media.session.MediaControllerCompat$MediaControllerImplApi21:
    java.util.List mPendingCallbacks -> a
    android.support.v4.media.session.IMediaSession mExtraBinder -> b
    java.util.HashMap mCallbackMap -> c
android.support.v4.media.session.MediaControllerCompat$MediaControllerImplApi21$ExtraBinderRequestResultReceiver -> android.support.v4.media.session.MediaControllerCompat$MediaControllerImplApi21$ExtraBinderRequestResultReceiver:
    java.lang.ref.WeakReference mMediaControllerImpl -> a
    void onReceiveResult(int,android.os.Bundle) -> onReceiveResult
android.support.v4.media.session.MediaControllerCompat$MediaControllerImplApi21$ExtraCallback -> android.support.v4.media.session.MediaControllerCompat$MediaControllerImplApi21$a:
    void <init>(android.support.v4.media.session.MediaControllerCompat$Callback) -> <init>
    void onSessionDestroyed() -> a
    void onMetadataChanged(android.support.v4.media.MediaMetadataCompat) -> a
    void onQueueChanged(java.util.List) -> a
    void onQueueTitleChanged(java.lang.CharSequence) -> a
    void onExtrasChanged(android.os.Bundle) -> a
    void onVolumeInfoChanged(android.support.v4.media.session.ParcelableVolumeInfo) -> a
android.support.v4.media.session.MediaControllerCompat$PlaybackInfo -> android.support.v4.media.session.MediaControllerCompat$b:
    int mPlaybackType -> a
    int mAudioStream -> b
    int mVolumeControl -> c
    int mMaxVolume -> d
    int mCurrentVolume -> e
    void <init>(int,int,int,int,int) -> <init>
android.support.v4.media.session.MediaControllerCompatApi21 -> android.support.v4.media.session.c:
android.support.v4.media.session.MediaControllerCompatApi21$Callback -> android.support.v4.media.session.c$a:
    void onSessionDestroyed() -> a
    void onSessionEvent$5dc9c75() -> b
    void onPlaybackStateChanged(java.lang.Object) -> a
    void onMetadataChanged(java.lang.Object) -> b
    void onQueueChanged(java.util.List) -> a
    void onQueueTitleChanged$76bab119() -> c
    void onExtrasChanged$79e5e33f() -> d
    void onAudioInfoChanged(int,int,int,int,int) -> a